[I 2025-07-07 22:30:06,520] Trial 64 finished with value: 98906.36800530086 and parameters: {'eta': 0.03760676559551503, 'max_depth': 8, 'subsample': 0.8322503177620056, 'colsample_bytree': 0.8489135975366725, 'lambda': 3.3736602328968637, 'alpha': 0.000574826017204009, 'min_child_weight': 3}. Best is trial 50 with value: 98718.03434023593.
[I 2025-07-07 22:31:15,410] Trial 65 finished with value: 99084.23180304725 and parameters: {'eta': 0.03733747850375646, 'max_depth': 8, 'subsample': 0.8309915239523447, 'colsample_bytree': 0.8336806456238596, 'lambda': 2.8138017284036296, 'alpha': 0.00017977632729098046, 'min_child_weight': 3}. Best is trial 50 with value: 98718.03434023593.
[I 2025-07-07 22:31:52,305] Trial 66 finished with value: 98937.11230877925 and parameters: {'eta': 0.037686380620810665, 'max_depth': 8, 'subsample': 0.8366373015641106, 'colsample_bytree': 0.8463758966227873, 'lambda': 3.272325151561447, 'alpha': 0.0004339246933943576, 'min_child_weight': 3}. Best is trial 50 with value: 98718.03434023593.
[I 2025-07-07 22:32:27,851] Trial 67 finished with value: 98953.80546497442 and parameters: {'eta': 0.03790783186838362, 'max_depth': 8, 'subsample': 0.7884529661703454, 'colsample_bytree': 0.8592984520160422, 'lambda': 4.260873448319923, 'alpha': 0.0007203886159393428, 'min_child_weight': 3}. Best is trial 50 with value: 98718.03434023593.
[I 2025-07-07 22:32:52,850] Trial 68 finished with value: 99232.79457921156 and parameters: {'eta': 0.03837266444807305, 'max_depth': 8, 'subsample': 0.7816936653847191, 'colsample_bytree': 0.8301499586616125, 'lambda': 4.689497739931834, 'alpha': 0.0002330445901032413, 'min_child_weight': 3}. Best is trial 50 with value: 98718.03434023593.
[I 2025-07-07 22:33:18,166] Trial 69 finished with value: 99292.80819878145 and parameters: {'eta': 0.03812998559080749, 'max_depth': 8, 'subsample': 0.8331837662738234, 'colsample_bytree': 0.8536046674776098, 'lambda': 3.066180884125522, 'alpha': 0.000541075211344092, 'min_child_weight': 3}. Best is trial 50 with value: 98718.03434023593.
[I 2025-07-07 22:33:48,648] Trial 70 finished with value: 99065.70522637993 and parameters: {'eta': 0.03723171661724553, 'max_depth': 8, 'subsample': 0.8032435388352345, 'colsample_bytree': 0.8616457284306259, 'lambda': 3.9059572481353304, 'alpha': 0.0003418415487248181, 'min_child_weight': 3}. Best is trial 50 with value: 98718.03434023593.
[I 2025-07-07 22:34:12,617] Trial 71 finished with value: 99061.23972573734 and parameters: {'eta': 0.038634635229228165, 'max_depth': 8, 'subsample': 0.8296199054928366, 'colsample_bytree': 0.8391276574606344, 'lambda': 3.7092393545765425, 'alpha': 1.0762362438282628e-05, 'min_child_weight': 2}. Best is trial 50 with value: 98718.03434023593.
[I 2025-07-07 22:34:37,709] Trial 72 finished with value: 99073.03875424433 and parameters: {'eta': 0.03851195359965246, 'max_depth': 8, 'subsample': 0.8259082264225783, 'colsample_bytree': 0.8482816843508375, 'lambda': 3.5827911275812547, 'alpha': 0.0003896484540767068, 'min_child_weight': 3}. Best is trial 50 with value: 98718.03434023593.
[I 2025-07-07 22:35:04,169] Trial 73 finished with value: 98939.27543700732 and parameters: {'eta': 0.03757160885633542, 'max_depth': 8, 'subsample': 0.8383034316333073, 'colsample_bytree': 0.8429358992170422, 'lambda': 3.3264710320241964, 'alpha': 0.0008429230990516344, 'min_child_weight': 2}. Best is trial 50 with value: 98718.03434023593.
[I 2025-07-07 22:35:30,602] Trial 74 finished with value: 98630.61366533213 and parameters: {'eta': 0.04020573204882525, 'max_depth': 8, 'subsample': 0.8354635892803999, 'colsample_bytree': 0.8682974768757563, 'lambda': 3.7980915923643424, 'alpha': 0.0002713444216874736, 'min_child_weight': 3}. Best is trial 74 with value: 98630.61366533213.