[I 2025-07-07 21:59:47,463] Trial 0 finished with value: 99462.39876455825 and parameters: {'eta': 0.044339052061128925, 'max_depth': 9, 'subsample': 0.7988622889107874, 'colsample_bytree': 0.8149248441047022, 'lambda': 3.570682948161265, 'alpha': 0.000517541769069805, 'min_child_weight': 1}. Best is trial 0 with value: 99462.39876455825.
[I 2025-07-07 22:00:23,374] Trial 1 finished with value: 99778.40151054737 and parameters: {'eta': 0.0428017757714475, 'max_depth': 9, 'subsample': 0.8158365243298511, 'colsample_bytree': 0.8719250513876937, 'lambda': 2.836221215051975, 'alpha': 0.0003392906968408672, 'min_child_weight': 3}. Best is trial 0 with value: 99462.39876455825.
[I 2025-07-07 22:00:55,336] Trial 2 finished with value: 100047.32320257249 and parameters: {'eta': 0.04134957857028555, 'max_depth': 9, 'subsample': 0.7990399952645223, 'colsample_bytree': 0.8598183843257335, 'lambda': 1.3339572253377483, 'alpha': 0.00020821723864121827, 'min_child_weight': 2}. Best is trial 0 with value: 99462.39876455825.
[I 2025-07-07 22:01:26,141] Trial 3 finished with value: 99489.53874654359 and parameters: {'eta': 0.03727634838821557, 'max_depth': 9, 'subsample': 0.8022328351358654, 'colsample_bytree': 0.8239803934638922, 'lambda': 1.0363157161157657, 'alpha': 0.0004206212977931566, 'min_child_weight': 3}. Best is trial 0 with value: 99462.39876455825.
[I 2025-07-07 22:01:52,580] Trial 4 finished with value: 98887.81328353864 and parameters: {'eta': 0.03727515160417202, 'max_depth': 8, 'subsample': 0.8351232345812843, 'colsample_bytree': 0.8489952664252783, 'lambda': 4.967447634534526, 'alpha': 4.4157944566073806e-05, 'min_child_weight': 3}. Best is trial 4 with value: 98887.81328353864.
[I 2025-07-07 22:02:15,513] Trial 5 finished with value: 99178.29956195055 and parameters: {'eta': 0.04052794397651893, 'max_depth': 8, 'subsample': 0.8363394958480429, 'colsample_bytree': 0.8579788375683354, 'lambda': 1.3315370786233964, 'alpha': 0.00023587457910084013, 'min_child_weight': 3}. Best is trial 4 with value: 98887.81328353864.
[I 2025-07-07 22:02:41,110] Trial 6 finished with value: 99335.46879136375 and parameters: {'eta': 0.03869894672334251, 'max_depth': 8, 'subsample': 0.787095636252233, 'colsample_bytree': 0.8409808001438321, 'lambda': 1.167955848387285, 'alpha': 2.5323077612913185e-05, 'min_child_weight': 2}. Best is trial 4 with value: 98887.81328353864.
[I 2025-07-07 22:03:14,582] Trial 7 finished with value: 99183.65284662589 and parameters: {'eta': 0.04083700377394164, 'max_depth': 9, 'subsample': 0.8074481715041641, 'colsample_bytree': 0.7923891630011511, 'lambda': 2.3321889216232643, 'alpha': 0.00019688534268698472, 'min_child_weight': 2}. Best is trial 4 with value: 98887.81328353864.
[I 2025-07-07 22:03:56,796] Trial 8 finished with value: 99863.83305281246 and parameters: {'eta': 0.04488589100978346, 'max_depth': 9, 'subsample': 0.7808206077014196, 'colsample_bytree': 0.8362914067152725, 'lambda': 3.1455295760102833, 'alpha': 9.07388253518425e-05, 'min_child_weight': 3}. Best is trial 4 with value: 98887.81328353864.
[I 2025-07-07 22:04:38,157] Trial 9 finished with value: 99408.09142117154 and parameters: {'eta': 0.03989594270321098, 'max_depth': 8, 'subsample': 0.8117455425907639, 'colsample_bytree': 0.8514425524282664, 'lambda': 1.009431815948504, 'alpha': 0.0002568269183513197, 'min_child_weight': 2}. Best is trial 4 with value: 98887.81328353864.
[I 2025-07-07 22:05:03,387] Trial 10 finished with value: 99140.75650306487 and parameters: {'eta': 0.037085518376397064, 'max_depth': 8, 'subsample': 0.8381312041119039, 'colsample_bytree': 0.8748098163433431, 'lambda': 4.89811682050504, 'alpha': 1.141168514626369e-05, 'min_child_weight': 1}. Best is trial 4 with value: 98887.81328353864.
[I 2025-07-07 22:05:27,102] Trial 11 finished with value: 99303.79086419611 and parameters: {'eta': 0.03707585955658201, 'max_depth': 8, 'subsample': 0.8371949980448515, 'colsample_bytree': 0.8768673591179669, 'lambda': 4.898994660367666, 'alpha': 1.1659268598918687e-05, 'min_child_weight': 1}. Best is trial 4 with value: 98887.81328353864.
[I 2025-07-07 22:05:50,988] Trial 12 finished with value: 99079.46225126578 and parameters: {'eta': 0.03872364629236014, 'max_depth': 8, 'subsample': 0.82580826470027, 'colsample_bytree': 0.8796135757777076, 'lambda': 4.897678474910916, 'alpha': 4.0838179014546673e-05, 'min_child_weight': 1}. Best is trial 4 with value: 98887.81328353864.
[I 2025-07-07 22:06:14,507] Trial 13 finished with value: 99026.56322421777 and parameters: {'eta': 0.038741650533310606, 'max_depth': 8, 'subsample': 0.8250961503805401, 'colsample_bytree': 0.8168089177208113, 'lambda': 3.93979553442599, 'alpha': 5.185802759982325e-05, 'min_child_weight': 1}. Best is trial 4 with value: 98887.81328353864.
[I 2025-07-07 22:06:37,912] Trial 14 finished with value: 98890.70751086777 and parameters: {'eta': 0.038768473276349726, 'max_depth': 8, 'subsample': 0.8275461148424759, 'colsample_bytree': 0.8154171469689733, 'lambda': 3.6645286396553156, 'alpha': 6.890656127020842e-05, 'min_child_weight': 2}. Best is trial 4 with value: 98887.81328353864.
[I 2025-07-07 22:07:01,313] Trial 15 finished with value: 99170.2510231773 and parameters: {'eta': 0.03817744890005234, 'max_depth': 8, 'subsample': 0.8261533654568353, 'colsample_bytree': 0.7991551643837692, 'lambda': 2.0759250114965715, 'alpha': 9.912478360793986e-05, 'min_child_weight': 2}. Best is trial 4 with value: 98887.81328353864.
[I 2025-07-07 22:07:23,947] Trial 16 finished with value: 99226.65964346477 and parameters: {'eta': 0.03950409091749895, 'max_depth': 8, 'subsample': 0.8208249823413069, 'colsample_bytree': 0.827755741681252, 'lambda': 3.9762546533880543, 'alpha': 2.6083108380261618e-05, 'min_child_weight': 3}. Best is trial 4 with value: 98887.81328353864.
[I 2025-07-07 22:07:46,219] Trial 17 finished with value: 99230.51917630987 and parameters: {'eta': 0.042221011373502426, 'max_depth': 8, 'subsample': 0.8318102217379553, 'colsample_bytree': 0.8035673293055092, 'lambda': 2.0252606153719275, 'alpha': 5.6572145458924514e-05, 'min_child_weight': 2}. Best is trial 4 with value: 98887.81328353864.
[I 2025-07-07 22:08:08,798] Trial 18 finished with value: 99180.34385905304 and parameters: {'eta': 0.037935229808660216, 'max_depth': 8, 'subsample': 0.831061455953089, 'colsample_bytree': 0.8460032543976622, 'lambda': 2.725526494693047, 'alpha': 2.617831808477176e-05, 'min_child_weight': 3}. Best is trial 4 with value: 98887.81328353864.
[I 2025-07-07 22:08:33,833] Trial 19 finished with value: 98782.56429147808 and parameters: {'eta': 0.03955536382306439, 'max_depth': 8, 'subsample': 0.8168817784205179, 'colsample_bytree': 0.8286089782363146, 'lambda': 3.8889487054447804, 'alpha': 0.00013119905300765724, 'min_child_weight': 2}. Best is trial 19 with value: 98782.56429147808.
[I 2025-07-07 22:08:55,821] Trial 20 finished with value: 99186.50746951422 and parameters: {'eta': 0.04003038261043742, 'max_depth': 8, 'subsample': 0.8161592616902923, 'colsample_bytree': 0.8306763821854404, 'lambda': 4.193963455295236, 'alpha': 0.0009350203853210051, 'min_child_weight': 3}. Best is trial 19 with value: 98782.56429147808.
[I 2025-07-07 22:09:25,780] Trial 21 finished with value: 99048.52435044148 and parameters: {'eta': 0.03928354407046448, 'max_depth': 8, 'subsample': 0.8315729444825368, 'colsample_bytree': 0.8160042679307067, 'lambda': 3.392119822248956, 'alpha': 0.00013843059230775565, 'min_child_weight': 2}. Best is trial 19 with value: 98782.56429147808.
[I 2025-07-07 22:09:52,511] Trial 22 finished with value: 98933.02397076519 and parameters: {'eta': 0.038091509123362274, 'max_depth': 8, 'subsample': 0.8211130426891801, 'colsample_bytree': 0.8070262775106487, 'lambda': 4.182070448739981, 'alpha': 7.304034117441305e-05, 'min_child_weight': 2}. Best is trial 19 with value: 98782.56429147808.
[I 2025-07-07 22:10:16,165] Trial 23 finished with value: 99190.59052148041 and parameters: {'eta': 0.037802042021873865, 'max_depth': 8, 'subsample': 0.8298837599702925, 'colsample_bytree': 0.8224058667375341, 'lambda': 3.0191684919263806, 'alpha': 0.00015479903482066768, 'min_child_weight': 2}. Best is trial 19 with value: 98782.56429147808.
[I 2025-07-07 22:10:38,516] Trial 24 finished with value: 99032.29178404386 and parameters: {'eta': 0.03922882552084993, 'max_depth': 8, 'subsample': 0.8196041618348682, 'colsample_bytree': 0.8404152877151401, 'lambda': 2.4785225038899106, 'alpha': 4.0032544669181474e-05, 'min_child_weight': 2}. Best is trial 19 with value: 98782.56429147808.
[I 2025-07-07 22:11:08,459] Trial 25 finished with value: 99030.67355117807 and parameters: {'eta': 0.04145018938793749, 'max_depth': 8, 'subsample': 0.8130219173668787, 'colsample_bytree': 0.8658123037746367, 'lambda': 4.377042634551868, 'alpha': 0.00012786950622477794, 'min_child_weight': 2}. Best is trial 19 with value: 98782.56429147808.
[I 2025-07-07 22:11:30,850] Trial 26 finished with value: 99286.27989808058 and parameters: {'eta': 0.040199669231600496, 'max_depth': 8, 'subsample': 0.807893670543536, 'colsample_bytree': 0.8503983364511397, 'lambda': 1.7175257438187215, 'alpha': 6.40976256537254e-05, 'min_child_weight': 3}. Best is trial 19 with value: 98782.56429147808.
[I 2025-07-07 22:11:53,653] Trial 27 finished with value: 98925.54032200178 and parameters: {'eta': 0.03857631084799134, 'max_depth': 8, 'subsample': 0.8263850559581968, 'colsample_bytree': 0.8098273372640798, 'lambda': 3.6707976811332648, 'alpha': 3.434759974103634e-05, 'min_child_weight': 2}. Best is trial 19 with value: 98782.56429147808.
[I 2025-07-07 22:12:15,244] Trial 28 finished with value: 99349.55951588311 and parameters: {'eta': 0.03745143640019359, 'max_depth': 8, 'subsample': 0.8395323505099195, 'colsample_bytree': 0.833533261145429, 'lambda': 3.263953409431589, 'alpha': 1.8946731078242457e-05, 'min_child_weight': 2}. Best is trial 19 with value: 98782.56429147808.
[I 2025-07-07 22:12:47,625] Trial 29 finished with value: 99817.57183983189 and parameters: {'eta': 0.043661044106139676, 'max_depth': 9, 'subsample': 0.8329055349736679, 'colsample_bytree': 0.8232678634693943, 'lambda': 3.5310266434594286, 'alpha': 8.653572562709418e-05, 'min_child_weight': 1}. Best is trial 19 with value: 98782.56429147808.
[I 2025-07-07 22:13:10,349] Trial 30 finished with value: 99172.79110723868 and parameters: {'eta': 0.039354719126341066, 'max_depth': 8, 'subsample': 0.8224854007142048, 'colsample_bytree': 0.8435710936791249, 'lambda': 4.405847780780157, 'alpha': 0.0001262684012397739, 'min_child_weight': 3}. Best is trial 19 with value: 98782.56429147808.
[I 2025-07-07 22:13:33,818] Trial 31 finished with value: 98836.0912217799 and parameters: {'eta': 0.03859446996259953, 'max_depth': 8, 'subsample': 0.8253214492532635, 'colsample_bytree': 0.8110619430663155, 'lambda': 3.707767654177325, 'alpha': 3.905774835567136e-05, 'min_child_weight': 2}. Best is trial 19 with value: 98782.56429147808.
[I 2025-07-07 22:13:55,964] Trial 32 finished with value: 99336.25738872992 and parameters: {'eta': 0.03767955572671503, 'max_depth': 8, 'subsample': 0.8165471918897873, 'colsample_bytree': 0.8107229156732487, 'lambda': 3.696136976693718, 'alpha': 1.82754602114662e-05, 'min_child_weight': 2}. Best is trial 19 with value: 98782.56429147808.
[I 2025-07-07 22:14:19,458] Trial 33 finished with value: 99101.86113287682 and parameters: {'eta': 0.03844988888058801, 'max_depth': 8, 'subsample': 0.8285320136697707, 'colsample_bytree': 0.8195960120408392, 'lambda': 2.676000096698496, 'alpha': 4.8436852806842276e-05, 'min_child_weight': 2}. Best is trial 19 with value: 98782.56429147808.
[I 2025-07-07 22:14:49,393] Trial 34 finished with value: 99245.97644237272 and parameters: {'eta': 0.03908252235780963, 'max_depth': 9, 'subsample': 0.8352055850404695, 'colsample_bytree': 0.8008825992262997, 'lambda': 4.530829328581798, 'alpha': 7.850004525074114e-05, 'min_child_weight': 2}. Best is trial 19 with value: 98782.56429147808.
[I 2025-07-07 22:15:12,592] Trial 35 finished with value: 99066.11868847997 and parameters: {'eta': 0.039817186758935655, 'max_depth': 8, 'subsample': 0.8230550707394001, 'colsample_bytree': 0.8267698217260611, 'lambda': 3.754620817999738, 'alpha': 0.0003164267517305162, 'min_child_weight': 2}. Best is trial 19 with value: 98782.56429147808.
[I 2025-07-07 22:15:34,254] Trial 36 finished with value: 99131.39304983059 and parameters: {'eta': 0.04060343035027825, 'max_depth': 8, 'subsample': 0.8031271696032737, 'colsample_bytree': 0.7950258895320923, 'lambda': 3.173433147788989, 'alpha': 0.0006156186694798534, 'min_child_weight': 3}. Best is trial 19 with value: 98782.56429147808.
[I 2025-07-07 22:16:05,358] Trial 37 finished with value: 99595.72681596334 and parameters: {'eta': 0.04133406710403882, 'max_depth': 9, 'subsample': 0.7927540068603591, 'colsample_bytree': 0.8585259478285933, 'lambda': 2.949208604446733, 'alpha': 0.00018715294577704997, 'min_child_weight': 1}. Best is trial 19 with value: 98782.56429147808.
[I 2025-07-07 22:16:28,762] Trial 38 finished with value: 99232.92356874305 and parameters: {'eta': 0.038299284173421114, 'max_depth': 8, 'subsample': 0.8180690573935021, 'colsample_bytree': 0.8127420526693193, 'lambda': 1.7920494535299727, 'alpha': 3.256179062576403e-05, 'min_child_weight': 2}. Best is trial 19 with value: 98782.56429147808.
[I 2025-07-07 22:16:53,060] Trial 39 finished with value: 98832.10749548954 and parameters: {'eta': 0.03752991472271749, 'max_depth': 8, 'subsample': 0.835476161669284, 'colsample_bytree': 0.8342170032472264, 'lambda': 4.5063905750601085, 'alpha': 1.6488504774566382e-05, 'min_child_weight': 3}. Best is trial 19 with value: 98782.56429147808.
[I 2025-07-07 22:17:22,407] Trial 40 finished with value: 99032.41069468117 and parameters: {'eta': 0.03748497002548896, 'max_depth': 9, 'subsample': 0.8345284072382422, 'colsample_bytree': 0.8368023114669786, 'lambda': 4.670915755021232, 'alpha': 1.5558866805878684e-05, 'min_child_weight': 3}. Best is trial 19 with value: 98782.56429147808.
[I 2025-07-07 22:17:44,744] Trial 41 finished with value: 99010.15640832005 and parameters: {'eta': 0.037843472133898916, 'max_depth': 8, 'subsample': 0.8289506796210752, 'colsample_bytree': 0.8511643861726084, 'lambda': 4.023049176421985, 'alpha': 2.1543678973357217e-05, 'min_child_weight': 3}. Best is trial 19 with value: 98782.56429147808.
[I 2025-07-07 22:18:07,932] Trial 42 finished with value: 98987.56091550089 and parameters: {'eta': 0.03724537849688668, 'max_depth': 8, 'subsample': 0.8348602494726443, 'colsample_bytree': 0.8308941571151134, 'lambda': 3.400630762124841, 'alpha': 1.4777776055514662e-05, 'min_child_weight': 3}. Best is trial 19 with value: 98782.56429147808.
[I 2025-07-07 22:18:31,195] Trial 43 finished with value: 99012.35930933067 and parameters: {'eta': 0.03881518787485996, 'max_depth': 8, 'subsample': 0.8124588667603827, 'colsample_bytree': 0.8181318752658037, 'lambda': 4.57858935511878, 'alpha': 6.223514121716793e-05, 'min_child_weight': 3}. Best is trial 19 with value: 98782.56429147808.
[I 2025-07-07 22:18:53,714] Trial 44 finished with value: 99004.52482588864 and parameters: {'eta': 0.03824547880676075, 'max_depth': 8, 'subsample': 0.8387908441591857, 'colsample_bytree': 0.8381746219915603, 'lambda': 4.911622849405611, 'alpha': 3.3431382429353795e-05, 'min_child_weight': 2}. Best is trial 19 with value: 98782.56429147808.
[I 2025-07-07 22:19:16,698] Trial 45 finished with value: 98926.98430660868 and parameters: {'eta': 0.038918555850943365, 'max_depth': 8, 'subsample': 0.8238561202792811, 'colsample_bytree': 0.8255143591572501, 'lambda': 3.8733003696749035, 'alpha': 4.534710484281379e-05, 'min_child_weight': 2}. Best is trial 19 with value: 98782.56429147808.
[I 2025-07-07 22:19:39,722] Trial 46 finished with value: 98997.00520722836 and parameters: {'eta': 0.03752721767800539, 'max_depth': 8, 'subsample': 0.8276131192556277, 'colsample_bytree': 0.8549211715827657, 'lambda': 4.379017067859427, 'alpha': 0.00011470220457847031, 'min_child_weight': 3}. Best is trial 19 with value: 98782.56429147808.
[I 2025-07-07 22:20:01,671] Trial 47 finished with value: 98861.69409837159 and parameters: {'eta': 0.037017206920354026, 'max_depth': 8, 'subsample': 0.8366876586712532, 'colsample_bytree': 0.8455896794746383, 'lambda': 4.096528606278596, 'alpha': 9.898475553547559e-05, 'min_child_weight': 3}. Best is trial 19 with value: 98782.56429147808.
[I 2025-07-07 22:20:24,521] Trial 48 finished with value: 98736.35650559525 and parameters: {'eta': 0.037120369691842514, 'max_depth': 8, 'subsample': 0.8373515451379423, 'colsample_bytree': 0.8458637120195022, 'lambda': 4.197529031704034, 'alpha': 0.00025392391565756103, 'min_child_weight': 3}. Best is trial 48 with value: 98736.35650559525.
[I 2025-07-07 22:20:48,824] Trial 49 finished with value: 99139.10905389457 and parameters: {'eta': 0.03742417133619254, 'max_depth': 8, 'subsample': 0.8399574354383547, 'colsample_bytree': 0.8670030311203906, 'lambda': 4.149140586596523, 'alpha': 0.0002779513773581518, 'min_child_weight': 3}. Best is trial 48 with value: 98736.35650559525.
[I 2025-07-07 22:21:11,887] Trial 50 finished with value: 98718.03434023593 and parameters: {'eta': 0.03701101058998866, 'max_depth': 8, 'subsample': 0.8368011847822819, 'colsample_bytree': 0.8552465879240381, 'lambda': 3.5004386003189567, 'alpha': 0.0004666158466146097, 'min_child_weight': 3}. Best is trial 50 with value: 98718.03434023593.
[I 2025-07-07 22:21:33,603] Trial 51 finished with value: 98746.38998971051 and parameters: {'eta': 0.03731848964368521, 'max_depth': 8, 'subsample': 0.8365415754528017, 'colsample_bytree': 0.8469890131430567, 'lambda': 3.435052851208195, 'alpha': 0.0004475718277236432, 'min_child_weight': 3}. Best is trial 50 with value: 98718.03434023593.
[I 2025-07-07 22:21:56,935] Trial 52 finished with value: 99103.48853597435 and parameters: {'eta': 0.03705956171629361, 'max_depth': 8, 'subsample': 0.8326490867795324, 'colsample_bytree': 0.865947634301238, 'lambda': 3.524286550793785, 'alpha': 0.0004699638611885032, 'min_child_weight': 3}. Best is trial 50 with value: 98718.03434023593.
[I 2025-07-07 22:22:24,012] Trial 53 finished with value: 98787.30153213014 and parameters: {'eta': 0.03790628940233715, 'max_depth': 8, 'subsample': 0.8373064234491914, 'colsample_bytree': 0.8622475210923655, 'lambda': 3.327036681425703, 'alpha': 0.0003835900301899572, 'min_child_weight': 3}. Best is trial 50 with value: 98718.03434023593.
[I 2025-07-07 22:22:48,915] Trial 54 finished with value: 98911.68424407706 and parameters: {'eta': 0.037872448163225235, 'max_depth': 8, 'subsample': 0.8374824538214704, 'colsample_bytree': 0.8623526236761955, 'lambda': 2.9399483814326017, 'alpha': 0.00038508980087634384, 'min_child_weight': 3}. Best is trial 50 with value: 98718.03434023593.
[I 2025-07-07 22:23:11,497] Trial 55 finished with value: 99029.87218006494 and parameters: {'eta': 0.03768659408064079, 'max_depth': 8, 'subsample': 0.8336885455932005, 'colsample_bytree': 0.854781861775086, 'lambda': 3.1324809085532586, 'alpha': 0.0005941651726566256, 'min_child_weight': 3}. Best is trial 50 with value: 98718.03434023593.
[I 2025-07-07 22:23:38,103] Trial 56 finished with value: 98792.49461371041 and parameters: {'eta': 0.03724999135454918, 'max_depth': 8, 'subsample': 0.8362888218061643, 'colsample_bytree': 0.8710008365001803, 'lambda': 2.729270115035066, 'alpha': 0.0008224859619871368, 'min_child_weight': 3}. Best is trial 50 with value: 98718.03434023593.
[I 2025-07-07 22:24:29,677] Trial 57 finished with value: 99039.43133923983 and parameters: {'eta': 0.03718717412629492, 'max_depth': 8, 'subsample': 0.7973324987703233, 'colsample_bytree': 0.8699253745452155, 'lambda': 2.5498604975440613, 'alpha': 0.0008030668783821422, 'min_child_weight': 3}. Best is trial 50 with value: 98718.03434023593.
[I 2025-07-07 22:24:52,400] Trial 58 finished with value: 99117.67422614395 and parameters: {'eta': 0.03797453084803479, 'max_depth': 8, 'subsample': 0.8304992210704414, 'colsample_bytree': 0.8734103905775104, 'lambda': 2.718855040201104, 'alpha': 0.0007245159623712182, 'min_child_weight': 3}. Best is trial 50 with value: 98718.03434023593.
[I 2025-07-07 22:25:22,283] Trial 59 finished with value: 99118.40773539494 and parameters: {'eta': 0.039668792846169386, 'max_depth': 8, 'subsample': 0.8372863915146799, 'colsample_bytree': 0.8629434516963319, 'lambda': 2.3357732814473597, 'alpha': 0.00036698281717213185, 'min_child_weight': 3}. Best is trial 50 with value: 98718.03434023593.
[I 2025-07-07 22:26:44,711] Trial 60 finished with value: 99224.19833891328 and parameters: {'eta': 0.04236174793438138, 'max_depth': 8, 'subsample': 0.8378062322995603, 'colsample_bytree': 0.8553273170589136, 'lambda': 3.1752665918396104, 'alpha': 0.0004636121542987554, 'min_child_weight': 3}. Best is trial 50 with value: 98718.03434023593.
[I 2025-07-07 22:27:20,315] Trial 61 finished with value: 98847.59598493026 and parameters: {'eta': 0.03734098257616073, 'max_depth': 8, 'subsample': 0.8348329073291492, 'colsample_bytree': 0.8412738669815967, 'lambda': 3.508812480221102, 'alpha': 0.00023156854099013241, 'min_child_weight': 3}. Best is trial 50 with value: 98718.03434023593.
[I 2025-07-07 22:27:54,252] Trial 62 finished with value: 99058.46419160758 and parameters: {'eta': 0.03809748133380476, 'max_depth': 8, 'subsample': 0.8399653854291969, 'colsample_bytree': 0.877433575648836, 'lambda': 3.877167817174926, 'alpha': 0.0009997330127887079, 'min_child_weight': 3}. Best is trial 50 with value: 98718.03434023593.
[I 2025-07-07 22:28:43,294] Trial 63 finished with value: 99157.62707931246 and parameters: {'eta': 0.037016652867496155, 'max_depth': 8, 'subsample': 0.8358745012640872, 'colsample_bytree': 0.8704998189219378, 'lambda': 1.1182592990496851, 'alpha': 0.0002976383778490216, 'min_child_weight': 3}. Best is trial 50 with value: 98718.03434023593.
